<?xml version="1.0" encoding="UTF-8"?>
<testsuite xmlns:xsi="http://www.w3.org/2001/XMLSchema-instance" xsi:noNamespaceSchemaLocation="https://maven.apache.org/surefire/maven-surefire-plugin/xsd/surefire-test-report-3.0.xsd" version="3.0" name="org.sonar.samples.python.checks.AvoidTooManyLinesInFileCheckTest" time="0" tests="1" errors="0" skipped="0" failures="0">
  <properties>
    <property name="sun.desktop" value="windows"/>
    <property name="awt.toolkit" value="sun.awt.windows.WToolkit"/>
    <property name="java.specification.version" value="11"/>
    <property name="sun.cpu.isalist" value="amd64"/>
    <property name="sun.jnu.encoding" value="Cp1250"/>
    <property name="java.class.path" value="C:\Users\MrGamble\IdeaProjects\sonar-custom-rules-examples-archive\sonar-custom-rules-examples-master\python-custom-rules\target\test-classes;C:\Users\MrGamble\IdeaProjects\sonar-custom-rules-examples-archive\sonar-custom-rules-examples-master\python-custom-rules\target\classes;C:\Users\MrGamble\.m2\repository\org\sonarsource\sonarqube\sonar-plugin-api\7.9\sonar-plugin-api-7.9.jar;C:\Users\MrGamble\.m2\repository\org\sonarsource\python\sonar-python-plugin\2.0.0.5043\sonar-python-plugin-2.0.0.5043.jar;C:\Users\MrGamble\.m2\repository\org\sonarsource\python\python-frontend\2.0.0.5043\python-frontend-2.0.0.5043.jar;C:\Users\MrGamble\.m2\repository\org\sonarsource\sslr\sslr-core\1.23\sslr-core-1.23.jar;C:\Users\MrGamble\.m2\repository\org\sonarsource\python\python-checks\2.0.0.5043\python-checks-2.0.0.5043.jar;C:\Users\MrGamble\.m2\repository\commons-io\commons-io\2.5\commons-io-2.5.jar;C:\Users\MrGamble\.m2\repository\org\sonarsource\analyzer-commons\sonar-analyzer-commons\1.10.2.456\sonar-analyzer-commons-1.10.2.456.jar;C:\Users\MrGamble\.m2\repository\org\sonarsource\analyzer-commons\sonar-xml-parsing\1.10.2.456\sonar-xml-parsing-1.10.2.456.jar;C:\Users\MrGamble\.m2\repository\com\google\code\findbugs\jsr305\3.0.2\jsr305-3.0.2.jar;C:\Users\MrGamble\.m2\repository\xerces\xercesImpl\2.12.0\xercesImpl-2.12.0.jar;C:\Users\MrGamble\.m2\repository\xml-apis\xml-apis\1.4.01\xml-apis-1.4.01.jar;C:\Users\MrGamble\.m2\repository\com\fasterxml\woodstox\woodstox-core\5.2.0\woodstox-core-5.2.0.jar;C:\Users\MrGamble\.m2\repository\commons-lang\commons-lang\2.6\commons-lang-2.6.jar;C:\Users\MrGamble\.m2\repository\org\codehaus\staxmate\staxmate\2.0.1\staxmate-2.0.1.jar;C:\Users\MrGamble\.m2\repository\stax\stax-api\1.0.1\stax-api-1.0.1.jar;C:\Users\MrGamble\.m2\repository\org\codehaus\woodstox\stax2-api\3.1.4\stax2-api-3.1.4.jar;C:\Users\MrGamble\.m2\repository\org\sonarsource\python\python-checks-testkit\2.0.0.5043\python-checks-testkit-2.0.0.5043.jar;C:\Users\MrGamble\.m2\repository\org\sonarsource\analyzer-commons\sonar-analyzer-test-commons\1.10.2.456\sonar-analyzer-test-commons-1.10.2.456.jar;C:\Users\MrGamble\.m2\repository\com\google\guava\guava\22.0\guava-22.0.jar;C:\Users\MrGamble\.m2\repository\com\google\errorprone\error_prone_annotations\2.0.18\error_prone_annotations-2.0.18.jar;C:\Users\MrGamble\.m2\repository\com\google\j2objc\j2objc-annotations\1.1\j2objc-annotations-1.1.jar;C:\Users\MrGamble\.m2\repository\org\codehaus\mojo\animal-sniffer-annotations\1.14\animal-sniffer-annotations-1.14.jar;C:\Users\MrGamble\.m2\repository\org\assertj\assertj-core\3.6.1\assertj-core-3.6.1.jar;C:\Users\MrGamble\.m2\repository\junit\junit\4.12\junit-4.12.jar;C:\Users\MrGamble\.m2\repository\org\hamcrest\hamcrest-core\1.3\hamcrest-core-1.3.jar;"/>
    <property name="java.vm.vendor" value="Oracle Corporation"/>
    <property name="sun.arch.data.model" value="64"/>
    <property name="user.variant" value=""/>
    <property name="java.vendor.url" value="http://java.oracle.com/"/>
    <property name="user.timezone" value="Europe/Prague"/>
    <property name="java.vm.specification.version" value="11"/>
    <property name="os.name" value="Windows 10"/>
    <property name="sun.java.launcher" value="SUN_STANDARD"/>
    <property name="user.country" value="US"/>
    <property name="sun.boot.library.path" value="C:\Program Files\Java\jdk-11.0.5\bin"/>
    <property name="sun.java.command" value="C:\Users\MrGamble\AppData\Local\Temp\surefire5466676820089421072\surefirebooter16038603468031907426.jar C:\Users\MrGamble\AppData\Local\Temp\surefire5466676820089421072 2020-05-29T10-48-57_760-jvmRun1 surefire6375515151957116815tmp surefire_013200734190798877910tmp"/>
    <property name="jdk.debug" value="release"/>
    <property name="surefire.test.class.path" value="C:\Users\MrGamble\IdeaProjects\sonar-custom-rules-examples-archive\sonar-custom-rules-examples-master\python-custom-rules\target\test-classes;C:\Users\MrGamble\IdeaProjects\sonar-custom-rules-examples-archive\sonar-custom-rules-examples-master\python-custom-rules\target\classes;C:\Users\MrGamble\.m2\repository\org\sonarsource\sonarqube\sonar-plugin-api\7.9\sonar-plugin-api-7.9.jar;C:\Users\MrGamble\.m2\repository\org\sonarsource\python\sonar-python-plugin\2.0.0.5043\sonar-python-plugin-2.0.0.5043.jar;C:\Users\MrGamble\.m2\repository\org\sonarsource\python\python-frontend\2.0.0.5043\python-frontend-2.0.0.5043.jar;C:\Users\MrGamble\.m2\repository\org\sonarsource\sslr\sslr-core\1.23\sslr-core-1.23.jar;C:\Users\MrGamble\.m2\repository\org\sonarsource\python\python-checks\2.0.0.5043\python-checks-2.0.0.5043.jar;C:\Users\MrGamble\.m2\repository\commons-io\commons-io\2.5\commons-io-2.5.jar;C:\Users\MrGamble\.m2\repository\org\sonarsource\analyzer-commons\sonar-analyzer-commons\1.10.2.456\sonar-analyzer-commons-1.10.2.456.jar;C:\Users\MrGamble\.m2\repository\org\sonarsource\analyzer-commons\sonar-xml-parsing\1.10.2.456\sonar-xml-parsing-1.10.2.456.jar;C:\Users\MrGamble\.m2\repository\com\google\code\findbugs\jsr305\3.0.2\jsr305-3.0.2.jar;C:\Users\MrGamble\.m2\repository\xerces\xercesImpl\2.12.0\xercesImpl-2.12.0.jar;C:\Users\MrGamble\.m2\repository\xml-apis\xml-apis\1.4.01\xml-apis-1.4.01.jar;C:\Users\MrGamble\.m2\repository\com\fasterxml\woodstox\woodstox-core\5.2.0\woodstox-core-5.2.0.jar;C:\Users\MrGamble\.m2\repository\commons-lang\commons-lang\2.6\commons-lang-2.6.jar;C:\Users\MrGamble\.m2\repository\org\codehaus\staxmate\staxmate\2.0.1\staxmate-2.0.1.jar;C:\Users\MrGamble\.m2\repository\stax\stax-api\1.0.1\stax-api-1.0.1.jar;C:\Users\MrGamble\.m2\repository\org\codehaus\woodstox\stax2-api\3.1.4\stax2-api-3.1.4.jar;C:\Users\MrGamble\.m2\repository\org\sonarsource\python\python-checks-testkit\2.0.0.5043\python-checks-testkit-2.0.0.5043.jar;C:\Users\MrGamble\.m2\repository\org\sonarsource\analyzer-commons\sonar-analyzer-test-commons\1.10.2.456\sonar-analyzer-test-commons-1.10.2.456.jar;C:\Users\MrGamble\.m2\repository\com\google\guava\guava\22.0\guava-22.0.jar;C:\Users\MrGamble\.m2\repository\com\google\errorprone\error_prone_annotations\2.0.18\error_prone_annotations-2.0.18.jar;C:\Users\MrGamble\.m2\repository\com\google\j2objc\j2objc-annotations\1.1\j2objc-annotations-1.1.jar;C:\Users\MrGamble\.m2\repository\org\codehaus\mojo\animal-sniffer-annotations\1.14\animal-sniffer-annotations-1.14.jar;C:\Users\MrGamble\.m2\repository\org\assertj\assertj-core\3.6.1\assertj-core-3.6.1.jar;C:\Users\MrGamble\.m2\repository\junit\junit\4.12\junit-4.12.jar;C:\Users\MrGamble\.m2\repository\org\hamcrest\hamcrest-core\1.3\hamcrest-core-1.3.jar;"/>
    <property name="sun.cpu.endian" value="little"/>
    <property name="user.home" value="C:\Users\MrGamble"/>
    <property name="user.language" value="en"/>
    <property name="java.specification.vendor" value="Oracle Corporation"/>
    <property name="java.version.date" value="2019-10-15"/>
    <property name="java.home" value="C:\Program Files\Java\jdk-11.0.5"/>
    <property name="file.separator" value="\"/>
    <property name="basedir" value="C:\Users\MrGamble\IdeaProjects\sonar-custom-rules-examples-archive\sonar-custom-rules-examples-master\python-custom-rules"/>
    <property name="java.vm.compressedOopsMode" value="32-bit"/>
    <property name="line.separator" value="&#10;"/>
    <property name="java.specification.name" value="Java Platform API Specification"/>
    <property name="java.vm.specification.vendor" value="Oracle Corporation"/>
    <property name="java.awt.graphicsenv" value="sun.awt.Win32GraphicsEnvironment"/>
    <property name="surefire.real.class.path" value="C:\Users\MrGamble\AppData\Local\Temp\surefire5466676820089421072\surefirebooter16038603468031907426.jar"/>
    <property name="user.script" value=""/>
    <property name="sun.management.compiler" value="HotSpot 64-Bit Tiered Compilers"/>
    <property name="java.runtime.version" value="11.0.5+10-LTS"/>
    <property name="user.name" value="MrGamble"/>
    <property name="path.separator" value=";"/>
    <property name="os.version" value="10.0"/>
    <property name="java.runtime.name" value="Java(TM) SE Runtime Environment"/>
    <property name="file.encoding" value="Cp1250"/>
    <property name="java.vm.name" value="Java HotSpot(TM) 64-Bit Server VM"/>
    <property name="java.vendor.version" value="18.9"/>
    <property name="localRepository" value="C:\Users\MrGamble\.m2\repository"/>
    <property name="java.vendor.url.bug" value="http://bugreport.java.com/bugreport/"/>
    <property name="java.io.tmpdir" value="C:\Users\MrGamble\AppData\Local\Temp\"/>
    <property name="idea.version" value="2018.2.3"/>
    <property name="java.version" value="11.0.5"/>
    <property name="user.dir" value="C:\Users\MrGamble\IdeaProjects\sonar-custom-rules-examples-archive\sonar-custom-rules-examples-master\python-custom-rules"/>
    <property name="os.arch" value="amd64"/>
    <property name="java.vm.specification.name" value="Java Virtual Machine Specification"/>
    <property name="java.awt.printerjob" value="sun.awt.windows.WPrinterJob"/>
    <property name="sun.os.patch.level" value=""/>
    <property name="java.library.path" value="C:\Program Files\Java\jdk-11.0.5\bin;C:\WINDOWS\Sun\Java\bin;C:\WINDOWS\system32;C:\WINDOWS;C:\Program Files\Java\jdk-11.0.5\lib;G:\JAVA\IntelliJ IDEA Community Edition 2018.2.3\jdk64\bin;C:\Program Files (x86)\Common Files\Oracle\Java\javapath;C:\ProgramData\Oracle\Java\javapath;C:\Program Files\Broadcom\Broadcom 802.11 Network Adapter;C:\Windows\system32;C:\Windows;C:\Windows\System32\Wbem;C:\Windows\System32\WindowsPowerShell\v1.0\;C:\Users\MrGamble\.dnx\bin;C:\Program Files\Microsoft DNX\Dnvm\;C:\Program Files\Microsoft SQL Server\130\Tools\Binn\;C:\Program Files (x86)\NVIDIA Corporation\PhysX\Common;c:\Program Files\Intel\WiFi\bin\;c:\Program Files\Common Files\Intel\WirelessCommon\;C:\Program Files (x86)\GtkSharp\2.12\bin;C:\WINDOWS\system32;C:\WINDOWS;C:\WINDOWS\System32\Wbem;C:\WINDOWS\System32\WindowsPowerShell\v1.0\;C:\Program Files (x86)\NVIDIA Corporation\DDS Utilities;C:\WINDOWS\System32\OpenSSH\;G:\Git\cmd;C:\Program Files\dotnet\;C:\Program Files (x86)\Microsoft SQL Server\150\DTS\Binn\;C:\Program Files (x86)\Microsoft SQL Server\110\DTS\Binn\;C:\Program Files (x86)\Microsoft SQL Serv;F:\programfiles\;C:\Program Files\Java\jdk-11.0.5\bin;C:\Users\MrGamble\Downloads\apache-maven-3.6.3-bin\apache-maven-3.6.3;C:\Users\MrGamble\Downloads\HermiT;C:\Users\MrGamble\AppData\Local\Microsoft\WindowsApps;C:\Users\MrGamble\AppData\Local\Programs\Microsoft VS Code\bin;C:\Program Files (x86)\FAHClient;C:\Users\MrGamble\AppData\Local\atom\bin;C:\Users\MrGamble\AppData\Roaming\npm;C:\Program Files\Java\jdk-11.0.5\bin;&quot;;C:\Python27&quot;;;F:\programfiles\PyCharm Community Edition 2020.1.1\bin;;."/>
    <property name="java.vendor" value="Oracle Corporation"/>
    <property name="java.vm.info" value="mixed mode"/>
    <property name="java.vm.version" value="11.0.5+10-LTS"/>
    <property name="sun.io.unicode.encoding" value="UnicodeLittle"/>
    <property name="java.class.version" value="55.0"/>
  </properties>
  <testcase name="test_negative" classname="org.sonar.samples.python.checks.AvoidTooManyLinesInFileCheckTest" time="0"/>
</testsuite>