<?xml version="1.0" encoding="UTF-8"?>
<testsuite xmlns:xsi="http://www.w3.org/2001/XMLSchema-instance" xsi:noNamespaceSchemaLocation="https://maven.apache.org/surefire/maven-surefire-plugin/xsd/surefire-test-report-3.0.xsd" version="3.0" name="org.sonar.samples.java.checks.AvoidRepeatingCodeCheckTest" time="0.001" tests="1" errors="0" skipped="0" failures="0">
  <properties>
    <property name="sun.desktop" value="windows"/>
    <property name="awt.toolkit" value="sun.awt.windows.WToolkit"/>
    <property name="java.specification.version" value="11"/>
    <property name="sun.cpu.isalist" value="amd64"/>
    <property name="sun.jnu.encoding" value="Cp1250"/>
    <property name="java.class.path" value="C:\Users\MrGamble\IdeaProjects\LabourTask\target\test-classes;C:\Users\MrGamble\IdeaProjects\LabourTask\target\classes;C:\Users\MrGamble\.m2\repository\org\sonarsource\sonarqube\sonar-plugin-api\7.4-alpha2\sonar-plugin-api-7.4-alpha2.jar;C:\Users\MrGamble\.m2\repository\org\sonarsource\java\sonar-java-plugin\5.12.1.17771\sonar-java-plugin-5.12.1.17771.jar;C:\Users\MrGamble\.m2\repository\org\sonarsource\java\java-checks-testkit\5.12.1.17771\java-checks-testkit-5.12.1.17771.jar;C:\Users\MrGamble\.m2\repository\org\sonarsource\java\java-checks\5.12.1.17771\java-checks-5.12.1.17771.jar;C:\Users\MrGamble\.m2\repository\org\sonarsource\sslr\sslr-core\1.23\sslr-core-1.23.jar;C:\Users\MrGamble\.m2\repository\org\sonarsource\java\java-frontend\5.12.1.17771\java-frontend-5.12.1.17771.jar;C:\Users\MrGamble\.m2\repository\junit\junit\4.10\junit-4.10.jar;C:\Users\MrGamble\.m2\repository\com\google\guava\guava\26.0-jre\guava-26.0-jre.jar;C:\Users\MrGamble\.m2\repository\org\hamcrest\hamcrest-core\1.1\hamcrest-core-1.1.jar;C:\Users\MrGamble\.m2\repository\org\assertj\assertj-core\3.6.1\assertj-core-3.6.1.jar;C:\Users\MrGamble\.m2\repository\org\jacoco\org.jacoco.core\0.8.3\org.jacoco.core-0.8.3.jar;C:\Users\MrGamble\.m2\repository\org\sonarsource\java\java-jacoco\5.12.1.17771\java-jacoco-5.12.1.17771.jar;C:\Users\MrGamble\.m2\repository\org\codehaus\woodstox\stax2-api\3.1.4\stax2-api-3.1.4.jar;C:\Users\MrGamble\.m2\repository\com\fasterxml\staxmate\staxmate\2.3.1\staxmate-2.3.1.jar;C:\Users\MrGamble\.m2\repository\org\sonarsource\java\java-surefire\5.12.1.17771\java-surefire-5.12.1.17771.jar;C:\Users\MrGamble\.m2\repository\org\checkerframework\checker-qual\2.5.2\checker-qual-2.5.2.jar;C:\Users\MrGamble\.m2\repository\com\fasterxml\woodstox\woodstox-core\5.2.0\woodstox-core-5.2.0.jar;C:\Users\MrGamble\.m2\repository\com\google\errorprone\error_prone_annotations\2.1.3\error_prone_annotations-2.1.3.jar;C:\Users\MrGamble\.m2\repository\com\google\j2objc\j2objc-annotations\1.1\j2objc-annotations-1.1.jar;C:\Users\MrGamble\.m2\repository\org\codehaus\mojo\animal-sniffer-annotations\1.14\animal-sniffer-annotations-1.14.jar;C:\Users\MrGamble\.m2\repository\org\sonarsource\sslr-squid-bridge\sslr-squid-bridge\2.6.1\sslr-squid-bridge-2.6.1.jar;C:\Users\MrGamble\.m2\repository\org\slf4j\slf4j-api\1.6.2\slf4j-api-1.6.2.jar;C:\Users\MrGamble\.m2\repository\ch\qos\logback\logback-classic\0.9.30\logback-classic-0.9.30.jar;C:\Users\MrGamble\.m2\repository\ch\qos\logback\logback-core\0.9.30\logback-core-0.9.30.jar;C:\Users\MrGamble\.m2\repository\org\picocontainer\picocontainer\2.14.1\picocontainer-2.14.1.jar;C:\Users\MrGamble\.m2\repository\com\google\code\findbugs\jsr305\3.0.2\jsr305-3.0.2.jar;C:\Users\MrGamble\.m2\repository\com\google\code\gson\gson\2.6.2\gson-2.6.2.jar;C:\Users\MrGamble\.m2\repository\commons-lang\commons-lang\2.6\commons-lang-2.6.jar;C:\Users\MrGamble\.m2\repository\org\ow2\asm\asm-commons\7.1\asm-commons-7.1.jar;C:\Users\MrGamble\.m2\repository\org\ow2\asm\asm-analysis\7.1\asm-analysis-7.1.jar;C:\Users\MrGamble\.m2\repository\org\ow2\asm\asm-tree\7.1\asm-tree-7.1.jar;C:\Users\MrGamble\.m2\repository\org\ow2\asm\asm-util\7.1\asm-util-7.1.jar;C:\Users\MrGamble\.m2\repository\org\ow2\asm\asm\7.1\asm-7.1.jar;C:\Users\MrGamble\.m2\repository\cglib\cglib-nodep\3.2.5\cglib-nodep-3.2.5.jar;C:\Users\MrGamble\.m2\repository\org\sonarsource\analyzer-commons\sonar-analyzer-commons\1.10.2.456\sonar-analyzer-commons-1.10.2.456.jar;C:\Users\MrGamble\.m2\repository\org\sonarsource\analyzer-commons\sonar-analyzer-test-commons\1.10.2.456\sonar-analyzer-test-commons-1.10.2.456.jar;C:\Users\MrGamble\.m2\repository\org\sonarsource\analyzer-commons\sonar-analyzer-recognizers\1.10.2.456\sonar-analyzer-recognizers-1.10.2.456.jar;C:\Users\MrGamble\.m2\repository\xerces\xercesImpl\2.12.0\xercesImpl-2.12.0.jar;C:\Users\MrGamble\.m2\repository\xml-apis\xml-apis\1.4.01\xml-apis-1.4.01.jar;C:\Users\MrGamble\.m2\repository\org\sonarsource\analyzer-commons\sonar-xml-parsing\1.10.2.456\sonar-xml-parsing-1.10.2.456.jar;C:\Users\MrGamble\.m2\repository\org\sonarsource\java\external-reports\5.12.1.17771\external-reports-5.12.1.17771.jar;"/>
    <property name="java.vm.vendor" value="Oracle Corporation"/>
    <property name="sun.arch.data.model" value="64"/>
    <property name="user.variant" value=""/>
    <property name="java.vendor.url" value="http://java.oracle.com/"/>
    <property name="user.timezone" value="Europe/Prague"/>
    <property name="java.vm.specification.version" value="11"/>
    <property name="os.name" value="Windows 10"/>
    <property name="sun.java.launcher" value="SUN_STANDARD"/>
    <property name="user.country" value="US"/>
    <property name="sun.boot.library.path" value="C:\Program Files\Java\jdk-11.0.5\bin"/>
    <property name="sun.java.command" value="C:\Users\MrGamble\AppData\Local\Temp\surefire12701779221031850579\surefirebooter12945788702569006416.jar C:\Users\MrGamble\AppData\Local\Temp\surefire12701779221031850579 2020-05-15T16-04-34_459-jvmRun1 surefire18407318860216983588tmp surefire_08334530323972081507tmp"/>
    <property name="jdk.debug" value="release"/>
    <property name="surefire.test.class.path" value="C:\Users\MrGamble\IdeaProjects\LabourTask\target\test-classes;C:\Users\MrGamble\IdeaProjects\LabourTask\target\classes;C:\Users\MrGamble\.m2\repository\org\sonarsource\sonarqube\sonar-plugin-api\7.4-alpha2\sonar-plugin-api-7.4-alpha2.jar;C:\Users\MrGamble\.m2\repository\org\sonarsource\java\sonar-java-plugin\5.12.1.17771\sonar-java-plugin-5.12.1.17771.jar;C:\Users\MrGamble\.m2\repository\org\sonarsource\java\java-checks-testkit\5.12.1.17771\java-checks-testkit-5.12.1.17771.jar;C:\Users\MrGamble\.m2\repository\org\sonarsource\java\java-checks\5.12.1.17771\java-checks-5.12.1.17771.jar;C:\Users\MrGamble\.m2\repository\org\sonarsource\sslr\sslr-core\1.23\sslr-core-1.23.jar;C:\Users\MrGamble\.m2\repository\org\sonarsource\java\java-frontend\5.12.1.17771\java-frontend-5.12.1.17771.jar;C:\Users\MrGamble\.m2\repository\junit\junit\4.10\junit-4.10.jar;C:\Users\MrGamble\.m2\repository\com\google\guava\guava\26.0-jre\guava-26.0-jre.jar;C:\Users\MrGamble\.m2\repository\org\hamcrest\hamcrest-core\1.1\hamcrest-core-1.1.jar;C:\Users\MrGamble\.m2\repository\org\assertj\assertj-core\3.6.1\assertj-core-3.6.1.jar;C:\Users\MrGamble\.m2\repository\org\jacoco\org.jacoco.core\0.8.3\org.jacoco.core-0.8.3.jar;C:\Users\MrGamble\.m2\repository\org\sonarsource\java\java-jacoco\5.12.1.17771\java-jacoco-5.12.1.17771.jar;C:\Users\MrGamble\.m2\repository\org\codehaus\woodstox\stax2-api\3.1.4\stax2-api-3.1.4.jar;C:\Users\MrGamble\.m2\repository\com\fasterxml\staxmate\staxmate\2.3.1\staxmate-2.3.1.jar;C:\Users\MrGamble\.m2\repository\org\sonarsource\java\java-surefire\5.12.1.17771\java-surefire-5.12.1.17771.jar;C:\Users\MrGamble\.m2\repository\org\checkerframework\checker-qual\2.5.2\checker-qual-2.5.2.jar;C:\Users\MrGamble\.m2\repository\com\fasterxml\woodstox\woodstox-core\5.2.0\woodstox-core-5.2.0.jar;C:\Users\MrGamble\.m2\repository\com\google\errorprone\error_prone_annotations\2.1.3\error_prone_annotations-2.1.3.jar;C:\Users\MrGamble\.m2\repository\com\google\j2objc\j2objc-annotations\1.1\j2objc-annotations-1.1.jar;C:\Users\MrGamble\.m2\repository\org\codehaus\mojo\animal-sniffer-annotations\1.14\animal-sniffer-annotations-1.14.jar;C:\Users\MrGamble\.m2\repository\org\sonarsource\sslr-squid-bridge\sslr-squid-bridge\2.6.1\sslr-squid-bridge-2.6.1.jar;C:\Users\MrGamble\.m2\repository\org\slf4j\slf4j-api\1.6.2\slf4j-api-1.6.2.jar;C:\Users\MrGamble\.m2\repository\ch\qos\logback\logback-classic\0.9.30\logback-classic-0.9.30.jar;C:\Users\MrGamble\.m2\repository\ch\qos\logback\logback-core\0.9.30\logback-core-0.9.30.jar;C:\Users\MrGamble\.m2\repository\org\picocontainer\picocontainer\2.14.1\picocontainer-2.14.1.jar;C:\Users\MrGamble\.m2\repository\com\google\code\findbugs\jsr305\3.0.2\jsr305-3.0.2.jar;C:\Users\MrGamble\.m2\repository\com\google\code\gson\gson\2.6.2\gson-2.6.2.jar;C:\Users\MrGamble\.m2\repository\commons-lang\commons-lang\2.6\commons-lang-2.6.jar;C:\Users\MrGamble\.m2\repository\org\ow2\asm\asm-commons\7.1\asm-commons-7.1.jar;C:\Users\MrGamble\.m2\repository\org\ow2\asm\asm-analysis\7.1\asm-analysis-7.1.jar;C:\Users\MrGamble\.m2\repository\org\ow2\asm\asm-tree\7.1\asm-tree-7.1.jar;C:\Users\MrGamble\.m2\repository\org\ow2\asm\asm-util\7.1\asm-util-7.1.jar;C:\Users\MrGamble\.m2\repository\org\ow2\asm\asm\7.1\asm-7.1.jar;C:\Users\MrGamble\.m2\repository\cglib\cglib-nodep\3.2.5\cglib-nodep-3.2.5.jar;C:\Users\MrGamble\.m2\repository\org\sonarsource\analyzer-commons\sonar-analyzer-commons\1.10.2.456\sonar-analyzer-commons-1.10.2.456.jar;C:\Users\MrGamble\.m2\repository\org\sonarsource\analyzer-commons\sonar-analyzer-test-commons\1.10.2.456\sonar-analyzer-test-commons-1.10.2.456.jar;C:\Users\MrGamble\.m2\repository\org\sonarsource\analyzer-commons\sonar-analyzer-recognizers\1.10.2.456\sonar-analyzer-recognizers-1.10.2.456.jar;C:\Users\MrGamble\.m2\repository\xerces\xercesImpl\2.12.0\xercesImpl-2.12.0.jar;C:\Users\MrGamble\.m2\repository\xml-apis\xml-apis\1.4.01\xml-apis-1.4.01.jar;C:\Users\MrGamble\.m2\repository\org\sonarsource\analyzer-commons\sonar-xml-parsing\1.10.2.456\sonar-xml-parsing-1.10.2.456.jar;C:\Users\MrGamble\.m2\repository\org\sonarsource\java\external-reports\5.12.1.17771\external-reports-5.12.1.17771.jar;"/>
    <property name="sun.cpu.endian" value="little"/>
    <property name="user.home" value="C:\Users\MrGamble"/>
    <property name="user.language" value="en"/>
    <property name="java.specification.vendor" value="Oracle Corporation"/>
    <property name="java.version.date" value="2019-10-15"/>
    <property name="java.home" value="C:\Program Files\Java\jdk-11.0.5"/>
    <property name="file.separator" value="\"/>
    <property name="basedir" value="C:\Users\MrGamble\IdeaProjects\LabourTask"/>
    <property name="java.vm.compressedOopsMode" value="32-bit"/>
    <property name="line.separator" value="&#10;"/>
    <property name="java.specification.name" value="Java Platform API Specification"/>
    <property name="java.vm.specification.vendor" value="Oracle Corporation"/>
    <property name="java.awt.graphicsenv" value="sun.awt.Win32GraphicsEnvironment"/>
    <property name="surefire.real.class.path" value="C:\Users\MrGamble\AppData\Local\Temp\surefire12701779221031850579\surefirebooter12945788702569006416.jar"/>
    <property name="user.script" value=""/>
    <property name="sun.management.compiler" value="HotSpot 64-Bit Tiered Compilers"/>
    <property name="java.runtime.version" value="11.0.5+10-LTS"/>
    <property name="user.name" value="MrGamble"/>
    <property name="path.separator" value=";"/>
    <property name="os.version" value="10.0"/>
    <property name="java.runtime.name" value="Java(TM) SE Runtime Environment"/>
    <property name="file.encoding" value="Cp1250"/>
    <property name="java.vm.name" value="Java HotSpot(TM) 64-Bit Server VM"/>
    <property name="java.vendor.version" value="18.9"/>
    <property name="localRepository" value="C:\Users\MrGamble\.m2\repository"/>
    <property name="java.vendor.url.bug" value="http://bugreport.java.com/bugreport/"/>
    <property name="java.io.tmpdir" value="C:\Users\MrGamble\AppData\Local\Temp\"/>
    <property name="idea.version" value="2018.2.3"/>
    <property name="java.version" value="11.0.5"/>
    <property name="user.dir" value="C:\Users\MrGamble\IdeaProjects\LabourTask"/>
    <property name="os.arch" value="amd64"/>
    <property name="java.vm.specification.name" value="Java Virtual Machine Specification"/>
    <property name="java.awt.printerjob" value="sun.awt.windows.WPrinterJob"/>
    <property name="sun.os.patch.level" value=""/>
    <property name="java.library.path" value="C:\Program Files\Java\jdk-11.0.5\bin;C:\WINDOWS\Sun\Java\bin;C:\WINDOWS\system32;C:\WINDOWS;C:\Program Files\Java\jdk-11.0.5\lib;G:\JAVA\IntelliJ IDEA Community Edition 2018.2.3\jdk64\bin;C:\Program Files (x86)\Common Files\Oracle\Java\javapath;C:\ProgramData\Oracle\Java\javapath;C:\Program Files\Broadcom\Broadcom 802.11 Network Adapter;C:\Windows\system32;C:\Windows;C:\Windows\System32\Wbem;C:\Windows\System32\WindowsPowerShell\v1.0\;C:\Users\MrGamble\.dnx\bin;C:\Program Files\Microsoft DNX\Dnvm\;C:\Program Files\Microsoft SQL Server\130\Tools\Binn\;C:\Program Files (x86)\NVIDIA Corporation\PhysX\Common;c:\Program Files\Intel\WiFi\bin\;c:\Program Files\Common Files\Intel\WirelessCommon\;C:\Program Files (x86)\GtkSharp\2.12\bin;C:\WINDOWS\system32;C:\WINDOWS;C:\WINDOWS\System32\Wbem;C:\WINDOWS\System32\WindowsPowerShell\v1.0\;C:\Program Files (x86)\NVIDIA Corporation\DDS Utilities;C:\WINDOWS\System32\OpenSSH\;G:\Git\cmd;C:\Program Files\dotnet\;C:\Program Files (x86)\Microsoft SQL Server\150\DTS\Binn\;C:\Program Files (x86)\Microsoft SQL Server\110\DTS\Binn\;C:\Program Files (x86)\Microsoft SQL Serv;F:\programfiles\;C:\Program Files\Java\jdk-11.0.5\bin;C:\Users\MrGamble\Downloads\apache-maven-3.6.3-bin\apache-maven-3.6.3;C:\Users\MrGamble\Downloads\HermiT;C:\Users\MrGamble\AppData\Local\Microsoft\WindowsApps;C:\Users\MrGamble\AppData\Local\Programs\Microsoft VS Code\bin;C:\Program Files (x86)\FAHClient;C:\Users\MrGamble\AppData\Local\atom\bin;C:\Users\MrGamble\AppData\Roaming\npm;C:\Program Files\Java\jdk-11.0.5\bin;&quot;;C:\Python27&quot;;;F:\programfiles\PyCharm Community Edition 2020.1.1\bin;;."/>
    <property name="java.vendor" value="Oracle Corporation"/>
    <property name="java.vm.info" value="mixed mode"/>
    <property name="java.vm.version" value="11.0.5+10-LTS"/>
    <property name="sun.io.unicode.encoding" value="UnicodeLittle"/>
    <property name="java.class.version" value="55.0"/>
  </properties>
  <testcase name="verify" classname="org.sonar.samples.java.checks.AvoidRepeatingCodeCheckTest" time="0.001"/>
</testsuite>